<?xml version="1.0" encoding="UTF-8"?>
<testsuite name="TestSuite" time="45.647" tests="12" errors="0" skipped="2" failures="1">
  <properties>
[...]
</properties>
  <testcase name="TestContactUsEmailLabelText" classname="tests.ui.ContactUsTests" time="0.077"/>
  <testcase name="TestContactUsTestWithMultipleData" classname="tests.ui.ContactUsTests" time="0">
    <skipped/>
  </testcase>
  <testcase name="TestContactUsTestWithMultipleData" classname="tests.ui.ContactUsTests" time="2.157">
    <failure message="unknown error: Element &lt;button id=&quot;submit-button&quot; name=&quot;submit&quot; class=&quot;form_button button--blue js-submit-button&quot;&gt;...&lt;/button&gt; is not clickable at point (1080, 465). Other element would receive the click: &lt;div class=&quot;flounder__option&quot; data-index=&quot;6&quot; role=&quot;option&quot;&gt;...&lt;/div&gt;&#10;  (Session info: chrome=73.0.3683.103)&#10;  (Driver info: chromedriver=73.0.3683.68 (47787ec04b6e38e22703e856e101e840b65afe72),platform=Mac OS X 10.13.6 x86_64) (WARNING: The server did not provide any stacktrace information)&#10;Command duration or timeout: 0 milliseconds&#10;Build info: version: &apos;3.13.0&apos;, revision: &apos;2f0d292&apos;, time: &apos;2018-06-25T15:24:21.231Z&apos;&#10;System info: host: &apos;ALT01722&apos;, ip: &apos;fe80:0:0:0:1c00:29e4:1556:f6ba%en0&apos;, os.name: &apos;Mac OS X&apos;, os.arch: &apos;x86_64&apos;, os.version: &apos;10.13.6&apos;, java.version: &apos;1.8.0_201&apos;&#10;Driver info: org.openqa.selenium.chrome.ChromeDriver&#10;Capabilities {acceptInsecureCerts: false, acceptSslCerts: false, applicationCacheEnabled: false, browserConnectionEnabled: false, browserName: chrome, chrome: {chromedriverVersion: 73.0.3683.68 (47787ec04b6e3..., userDataDir: /var/folders/_g/dtgs_lxs3qg...}, cssSelectorsEnabled: true, databaseEnabled: false, goog:chromeOptions: {debuggerAddress: localhost:49303}, handlesAlerts: true, hasTouchScreen: false, javascriptEnabled: true, locationContextEnabled: true, mobileEmulationEnabled: false, nativeEvents: true, networkConnectionEnabled: false, pageLoadStrategy: normal, platform: MAC, platformName: MAC, proxy: Proxy(), rotatable: false, setWindowRect: true, strictFileInteractability: false, takesHeapSnapshot: true, takesScreenshot: true, timeouts: {implicit: 0, pageLoad: 300000, script: 30000}, unexpectedAlertBehaviour: ignore, unhandledPromptBehavior: ignore, version: 73.0.3683.103, webStorageEnabled: true}&#10;Session ID: c97a1bf72f1b517451e3bf967f91b709" type="org.openqa.selenium.WebDriverException"><![CDATA[org.openqa.selenium.WebDriverException: unknown error: Element <button id="submit-button" name="submit" class="form_button button--blue js-submit-button">...</button> is not clickable at point (1080, 465). Other element would receive the click: <div class="flounder__option" data-index="6" role="option">...</div>
  (Session info: chrome=73.0.3683.103)
  (Driver info: chromedriver=73.0.3683.68 (47787ec04b6e38e22703e856e101e840b65afe72),platform=Mac OS X 10.13.6 x86_64) (WARNING: The server did not provide any stacktrace information)
Command duration or timeout: 0 milliseconds
Build info: version: '3.13.0', revision: '2f0d292', time: '2018-06-25T15:24:21.231Z'
System info: host: 'ALT01722', ip: 'fe80:0:0:0:1c00:29e4:1556:f6ba%en0', os.name: 'Mac OS X', os.arch: 'x86_64', os.version: '10.13.6', java.version: '1.8.0_201'
Driver info: org.openqa.selenium.chrome.ChromeDriver
Capabilities {acceptInsecureCerts: false, acceptSslCerts: false, applicationCacheEnabled: false, browserConnectionEnabled: false, browserName: chrome, chrome: {chromedriverVersion: 73.0.3683.68 (47787ec04b6e3..., userDataDir: /var/folders/_g/dtgs_lxs3qg...}, cssSelectorsEnabled: true, databaseEnabled: false, goog:chromeOptions: {debuggerAddress: localhost:49303}, handlesAlerts: true, hasTouchScreen: false, javascriptEnabled: true, locationContextEnabled: true, mobileEmulationEnabled: false, nativeEvents: true, networkConnectionEnabled: false, pageLoadStrategy: normal, platform: MAC, platformName: MAC, proxy: Proxy(), rotatable: false, setWindowRect: true, strictFileInteractability: false, takesHeapSnapshot: true, takesScreenshot: true, timeouts: {implicit: 0, pageLoad: 300000, script: 30000}, unexpectedAlertBehaviour: ignore, unhandledPromptBehavior: ignore, version: 73.0.3683.103, webStorageEnabled: true}
Session ID: c97a1bf72f1b517451e3bf967f91b709
	at sun.reflect.NativeConstructorAccessorImpl.newInstance0(Native Method)
	at sun.reflect.NativeConstructorAccessorImpl.newInstance(NativeConstructorAccessorImpl.java:62)
	at sun.reflect.DelegatingConstructorAccessorImpl.newInstance(DelegatingConstructorAccessorImpl.java:45)
	at java.lang.reflect.Constructor.newInstance(Constructor.java:423)
	at org.openqa.selenium.remote.ErrorHandler.createThrowable(ErrorHandler.java:214)
	at org.openqa.selenium.remote.ErrorHandler.throwIfResponseFailed(ErrorHandler.java:166)
	at org.openqa.selenium.remote.http.JsonHttpResponseCodec.reconstructValue(JsonHttpResponseCodec.java:40)
	at org.openqa.selenium.remote.http.AbstractHttpResponseCodec.decode(AbstractHttpResponseCodec.java:80)
	at org.openqa.selenium.remote.http.AbstractHttpResponseCodec.decode(AbstractHttpResponseCodec.java:44)
	at org.openqa.selenium.remote.HttpCommandExecutor.execute(HttpCommandExecutor.java:158)
	at org.openqa.selenium.remote.service.DriverCommandExecutor.execute(DriverCommandExecutor.java:83)
	at org.openqa.selenium.remote.RemoteWebDriver.execute(RemoteWebDriver.java:548)
	at org.openqa.selenium.remote.RemoteWebElement.execute(RemoteWebElement.java:276)
	at org.openqa.selenium.remote.RemoteWebElement.click(RemoteWebElement.java:83)
	at sun.reflect.NativeMethodAccessorImpl.invoke0(Native Method)
	at sun.reflect.NativeMethodAccessorImpl.invoke(NativeMethodAccessorImpl.java:62)
	at sun.reflect.DelegatingMethodAccessorImpl.invoke(DelegatingMethodAccessorImpl.java:43)
	at java.lang.reflect.Method.invoke(Method.java:498)
	at org.openqa.selenium.support.pagefactory.internal.LocatingElementHandler.invoke(LocatingElementHandler.java:51)
	at com.sun.proxy.$Proxy13.click(Unknown Source)
	at driver.WebUtils.clickWithWaitForElement(WebUtils.java:86)
	at tests.pages.ContactUsPage.submitData(ContactUsPage.java:164)
	at tests.pages.ContactUsPage.contactUSTest(ContactUsPage.java:147)
	at tests.ui.ContactUsTests.TestContactUsTestWithMultipleData(ContactUsTests.java:39)
]]></failure>
  </testcase>
  <testcase name="TestContactUsTestWithMultipleData" classname="tests.ui.ContactUsTests" time="3.23"/>
  <testcase name="TestCreateQueryWithAllFields" classname="tests.ui.ContactUsTests" time="2.542"/>
  <testcase name="TestCreateQueryWithRequiredFields" classname="tests.ui.ContactUsTests" time="2.934"/>
  <testcase name="TestGotoPrivacyPolicyPage" classname="tests.ui.ContactUsTests" time="1.603"/>
  <testcase name="TestMandatoryFields" classname="tests.ui.ContactUsTests" time="13.325"/>
  <testcase name="TestMoreThan500CharactersNotAllowed" classname="tests.ui.ContactUsTests" time="0">
    <skipped/>
  </testcase>
  <testcase name="TestMoreThan500CharactersNotAllowed" classname="tests.ui.ContactUsTests" time="14.563"/>
  <testcase name="TestNavigateFromContactMenuOption" classname="tests.ui.LandingPageTests" time="3.399"/>
  <testcase name="TestNavigateFromContactUsLink" classname="tests.ui.LandingPageTests" time="1.817"/>
</testsuite>