<?xml version="1.0" encoding="UTF-8"?>
<!-- Generated by org.testng.reporters.JUnitXMLReporter -->
<testsuite hostname="ALT01722" ignored="0" name="all-tests" tests="10" failures="0" timestamp="14 Apr 2019 12:13:11 GMT" time="163.076" errors="0">
  <testcase name="TestContactUsEmailLabelText" time="0.129" classname="tests.ui.ContactUsTests"/>
  <testcase name="TestContactUsTestWithMultipleData" time="57.046" classname="tests.ui.ContactUsTests"/>
  <testcase name="TestContactUsTestWithMultipleData" time="3.36" classname="tests.ui.ContactUsTests"/>
  <testcase name="TestCreateQueryWithAllFields" time="3.499" classname="tests.ui.ContactUsTests"/>
  <testcase name="TestCreateQueryWithRequiredFields" time="2.549" classname="tests.ui.ContactUsTests"/>
  <testcase name="TestGotoPrivacyPolicyPage" time="6.994" classname="tests.ui.ContactUsTests"/>
  <testcase name="TestMandatoryFields" time="13.588" classname="tests.ui.ContactUsTests"/>
  <testcase name="TestMoreThan500CharactersNotAllowed" time="14.34" classname="tests.ui.ContactUsTests"/>
  <testcase name="TestNavigateFromContactMenuOption" time="2.134" classname="tests.ui.LandingPageTests"/>
  <testcase name="TestNavigateFromContactUsLink" time="2.094" classname="tests.ui.LandingPageTests"/>
</testsuite> <!-- all-tests -->
