<?xml version="1.0" encoding="UTF-8"?>
<!-- Generated by org.testng.reporters.JUnitXMLReporter -->
<testsuite hostname="ALT01722" ignored="0" name="all-tests" tests="10" failures="0" timestamp="14 Apr 2019 15:07:52 GMT" time="106.972" errors="0">
  <testcase name="TestContactUsEmailLabelText" time="0.16" classname="tests.ui.ContactUsTests"/>
  <testcase name="TestContactUsTestWithMultipleData" time="3.481" classname="tests.ui.ContactUsTests"/>
  <testcase name="TestContactUsTestWithMultipleData" time="3.24" classname="tests.ui.ContactUsTests"/>
  <testcase name="TestCreateQueryWithAllFields" time="2.834" classname="tests.ui.ContactUsTests"/>
  <testcase name="TestCreateQueryWithRequiredFields" time="2.232" classname="tests.ui.ContactUsTests"/>
  <testcase name="TestGotoPrivacyPolicyPage" time="1.41" classname="tests.ui.ContactUsTests"/>
  <testcase name="TestMandatoryFields" time="13.467" classname="tests.ui.ContactUsTests"/>
  <testcase name="TestMoreThan500CharactersNotAllowed" time="14.221" classname="tests.ui.ContactUsTests"/>
  <testcase name="TestNavigateFromContactMenuOption" time="2.701" classname="tests.ui.LandingPageTests"/>
  <testcase name="TestNavigateFromContactUsLink" time="1.819" classname="tests.ui.LandingPageTests"/>
</testsuite> <!-- all-tests -->
